------------------------------
       Training fold: 0       
------------------------------
------------------------------
       Training fold: 0       
------------------------------
------------------------------
       Training fold: 0       
------------------------------
Epoch: 1, 	avg train loss: 0.1242, 	avg validation loss: 0.0684
Epoch: 1, 	ROC-AUC score: 0.9743, 	time elapsed: 481.76432847976685
Epoch 1, 	Save Best Score: 0.9743 Model
Epoch 1, 	Save Best Loss: 0.0684 Model
------------------------------
       Training fold: 0       
------------------------------
Epoch: 1, 	avg train loss: 0.1284, 	avg validation loss: 0.0760
Epoch: 1, 	ROC-AUC score: 0.9704, 	time elapsed: 478.33293890953064
Epoch 1, 	Save Best Score: 0.9704 Model
Epoch 1, 	Save Best Loss: 0.0760 Model
Epoch: 2, 	avg train loss: 0.0687, 	avg validation loss: 0.0612
Epoch: 2, 	ROC-AUC score: 0.9747, 	time elapsed: 481.4162518978119
Epoch 2, 	Save Best Score: 0.9747 Model
Epoch 2, 	Save Best Loss: 0.0612 Model
Epoch: 3, 	avg train loss: 0.0528, 	avg validation loss: 0.0662
Epoch: 3, 	ROC-AUC score: 0.9736, 	time elapsed: 481.74867272377014
Epoch: 4, 	avg train loss: 0.0415, 	avg validation loss: 0.0664
Epoch: 4, 	ROC-AUC score: 0.9725, 	time elapsed: 481.73250794410706
Epoch: 5, 	avg train loss: 0.0303, 	avg validation loss: 0.0858
Epoch: 5, 	ROC-AUC score: 0.9691, 	time elapsed: 481.6404159069061
------------------------------
       Fold: 0 result        
------------------------------
Score: 0.9747
------------------------------
       Training fold: 1       
------------------------------
Epoch: 1, 	avg train loss: 0.1231, 	avg validation loss: 0.0851
Epoch: 1, 	ROC-AUC score: 0.9605, 	time elapsed: 481.68613147735596
Epoch 1, 	Save Best Score: 0.9605 Model
Epoch 1, 	Save Best Loss: 0.0851 Model
Epoch: 2, 	avg train loss: 0.0667, 	avg validation loss: 0.0707
Epoch: 2, 	ROC-AUC score: 0.9588, 	time elapsed: 481.64140820503235
Epoch 2, 	Save Best Loss: 0.0707 Model
Epoch: 3, 	avg train loss: 0.0506, 	avg validation loss: 0.0748
Epoch: 3, 	ROC-AUC score: 0.9687, 	time elapsed: 482.021746635437
Epoch 3, 	Save Best Score: 0.9687 Model
Epoch: 4, 	avg train loss: 0.0389, 	avg validation loss: 0.0774
Epoch: 4, 	ROC-AUC score: 0.9656, 	time elapsed: 482.1239061355591
Epoch: 5, 	avg train loss: 0.0304, 	avg validation loss: 0.0833
Epoch: 5, 	ROC-AUC score: 0.9649, 	time elapsed: 481.7115406990051
------------------------------
       Fold: 1 result        
------------------------------
Score: 0.9687
------------------------------
       Training fold: 2       
------------------------------
Epoch: 1, 	avg train loss: 0.1229, 	avg validation loss: 0.0771
Epoch: 1, 	ROC-AUC score: 0.9645, 	time elapsed: 482.41378712654114
Epoch 1, 	Save Best Score: 0.9645 Model
Epoch 1, 	Save Best Loss: 0.0771 Model
Epoch: 2, 	avg train loss: 0.0654, 	avg validation loss: 0.0736
Epoch: 2, 	ROC-AUC score: 0.9615, 	time elapsed: 482.22058391571045
Epoch 2, 	Save Best Loss: 0.0736 Model
Epoch: 3, 	avg train loss: 0.0512, 	avg validation loss: 0.0710
Epoch: 3, 	ROC-AUC score: 0.9674, 	time elapsed: 482.58919858932495
Epoch 3, 	Save Best Score: 0.9674 Model
Epoch 3, 	Save Best Loss: 0.0710 Model
Epoch: 4, 	avg train loss: 0.0393, 	avg validation loss: 0.0789
Epoch: 4, 	ROC-AUC score: 0.9596, 	time elapsed: 481.8573944568634
Epoch: 5, 	avg train loss: 0.0294, 	avg validation loss: 0.0860
Epoch: 5, 	ROC-AUC score: 0.9648, 	time elapsed: 482.2622056007385
------------------------------
       Fold: 2 result        
------------------------------
Score: 0.9674
------------------------------
       Training fold: 3       
------------------------------
Epoch: 1, 	avg train loss: 0.1227, 	avg validation loss: 0.0735
Epoch: 1, 	ROC-AUC score: 0.9691, 	time elapsed: 482.0792450904846
Epoch 1, 	Save Best Score: 0.9691 Model
Epoch 1, 	Save Best Loss: 0.0735 Model
Epoch: 2, 	avg train loss: 0.0665, 	avg validation loss: 0.0698
Epoch: 2, 	ROC-AUC score: 0.9675, 	time elapsed: 482.1483178138733
Epoch 2, 	Save Best Loss: 0.0698 Model
Epoch: 3, 	avg train loss: 0.0503, 	avg validation loss: 0.0694
Epoch: 3, 	ROC-AUC score: 0.9731, 	time elapsed: 482.4293382167816
Epoch 3, 	Save Best Score: 0.9731 Model
Epoch 3, 	Save Best Loss: 0.0694 Model
Epoch: 4, 	avg train loss: 0.0382, 	avg validation loss: 0.0823
Epoch: 4, 	ROC-AUC score: 0.9667, 	time elapsed: 482.35480308532715
Epoch: 5, 	avg train loss: 0.0291, 	avg validation loss: 0.0868
Epoch: 5, 	ROC-AUC score: 0.9568, 	time elapsed: 482.3174548149109
------------------------------
       Fold: 3 result        
------------------------------
Score: 0.9731
------------------------------
       CV        
------------------------------
Score: 0.9691
